c:\users\виктор\onedrive\документы\супер проекты\i love cocks\2023\c++\freedom-0.4\freedom 0.4\x64\release\vc143.pdb
c:\users\виктор\onedrive\документы\супер проекты\i love cocks\2023\c++\freedom-0.4\freedom 0.4\x64\release\user.obj
c:\users\виктор\onedrive\документы\супер проекты\i love cocks\2023\c++\freedom-0.4\freedom 0.4\x64\release\lib.obj
c:\users\виктор\onedrive\документы\супер проекты\i love cocks\2023\c++\freedom-0.4\freedom 0.4\x64\release\human.obj
c:\users\виктор\onedrive\документы\супер проекты\i love cocks\2023\c++\freedom-0.4\freedom 0.4\x64\release\game.obj
c:\users\виктор\onedrive\документы\супер проекты\i love cocks\2023\c++\freedom-0.4\freedom 0.4\x64\release\freedom.obj
c:\users\виктор\onedrive\документы\супер проекты\i love cocks\2023\c++\freedom-0.4\freedom 0.4\x64\release\dev.obj
c:\users\виктор\onedrive\документы\супер проекты\i love cocks\2023\c++\freedom-0.4\x64\release\freedom.exe
c:\users\виктор\onedrive\документы\супер проекты\i love cocks\2023\c++\freedom-0.4\freedom 0.4\x64\release\freedom.ipdb
c:\users\виктор\onedrive\документы\супер проекты\i love cocks\2023\c++\freedom-0.4\x64\release\freedom.pdb
c:\users\виктор\onedrive\документы\супер проекты\i love cocks\2023\c++\freedom-0.4\freedom 0.4\x64\release\freedom.iobj
c:\users\bluev\onedrive\документы\super projects\i love cocks\2024\c++\freedom 0.4\freedom 0.4\x64\release\dev.obj
c:\users\bluev\onedrive\документы\super projects\i love cocks\2024\c++\freedom 0.4\freedom 0.4\x64\release\freedom.obj
c:\users\bluev\onedrive\документы\super projects\i love cocks\2024\c++\freedom 0.4\freedom 0.4\x64\release\game.obj
c:\users\bluev\onedrive\документы\super projects\i love cocks\2024\c++\freedom 0.4\freedom 0.4\x64\release\human.obj
c:\users\bluev\onedrive\документы\super projects\i love cocks\2024\c++\freedom 0.4\freedom 0.4\x64\release\lib.obj
c:\users\bluev\onedrive\документы\super projects\i love cocks\2024\c++\freedom 0.4\freedom 0.4\x64\release\user.obj
c:\users\bluev\onedrive\документы\super projects\i love cocks\2024\c++\freedom 0.4\freedom 0.4\x64\release\freedom.ipdb
c:\users\bluev\onedrive\документы\super projects\i love cocks\2024\c++\freedom 0.4\freedom 0.4\x64\release\freedom.iobj
c:\users\bluev\onedrive\документы\super projects\i love cocks\2024\c++\freedom 0.4\freedom 0.4\x64\release\vc143.pdb
c:\users\bluev\onedrive\документы\super projects\i love cocks\2024\c++\freedom 0.4\x64\release\freedom.pdb
c:\users\bluev\onedrive\документы\super projects\i love cocks\2024\c++\freedom 0.4\x64\release\freedom.exe
c:\users\bluev\onedrive\документы\super projects\i love cocks\2024\c++\freedom 0.4\freedom 0.4\x64\release\freedom.tlog\cl.command.1.tlog
c:\users\bluev\onedrive\документы\super projects\i love cocks\2024\c++\freedom 0.4\freedom 0.4\x64\release\freedom.tlog\cl.items.tlog
c:\users\bluev\onedrive\документы\super projects\i love cocks\2024\c++\freedom 0.4\freedom 0.4\x64\release\freedom.tlog\cl.read.1.tlog
c:\users\bluev\onedrive\документы\super projects\i love cocks\2024\c++\freedom 0.4\freedom 0.4\x64\release\freedom.tlog\cl.write.1.tlog
c:\users\bluev\onedrive\документы\super projects\i love cocks\2024\c++\freedom 0.4\freedom 0.4\x64\release\freedom.tlog\link.command.1.tlog
c:\users\bluev\onedrive\документы\super projects\i love cocks\2024\c++\freedom 0.4\freedom 0.4\x64\release\freedom.tlog\link.read.1.tlog
c:\users\bluev\onedrive\документы\super projects\i love cocks\2024\c++\freedom 0.4\freedom 0.4\x64\release\freedom.tlog\link.write.1.tlog
