C:\Program Files\Microsoft Visual Studio\2022\Community\MSBuild\Microsoft\VC\v170\Microsoft.CppBuild.targets(531,5): warning MSB8028: промежуточный каталог (x64\Debug\) содержит файлы, которые используются совместно с другим проектом (FreeDOM 0.4.vcxproj).  Это может привести к ошибкам очистки и перестроения.
  Dev.cpp
  FreeDOM.cpp
  Game.cpp
  Human.cpp
  Lib.cpp
C:\Users\bluev\OneDrive\Документы\super projects\i love cocks\2024\c++\FreeDOM 0.4\FreeDOM 0.4\Lib.cpp(540,43): warning C4267: =: преобразование из "size_t" в "int"; возможна потеря данных
C:\Users\bluev\OneDrive\Документы\super projects\i love cocks\2024\c++\FreeDOM 0.4\FreeDOM 0.4\Lib.cpp(837,64): warning C4267: аргумент: преобразование из "size_t" в "int"; возможна потеря данных
C:\Users\bluev\OneDrive\Документы\super projects\i love cocks\2024\c++\FreeDOM 0.4\FreeDOM 0.4\Lib.cpp(778,10): warning C4101: ch: неиспользованная локальная переменная
C:\Users\bluev\OneDrive\Документы\super projects\i love cocks\2024\c++\FreeDOM 0.4\FreeDOM 0.4\Lib.cpp(943,10): warning C4101: ch: неиспользованная локальная переменная
C:\Users\bluev\OneDrive\Документы\super projects\i love cocks\2024\c++\FreeDOM 0.4\FreeDOM 0.4\Lib.cpp(1169,43): warning C4267: =: преобразование из "size_t" в "int"; возможна потеря данных
C:\Users\bluev\OneDrive\Документы\super projects\i love cocks\2024\c++\FreeDOM 0.4\FreeDOM 0.4\Lib.cpp(1394,61): warning C4267: =: преобразование из "size_t" в "int"; возможна потеря данных
C:\Users\bluev\OneDrive\Документы\super projects\i love cocks\2024\c++\FreeDOM 0.4\FreeDOM 0.4\Lib.cpp(1448,49): warning C4267: =: преобразование из "size_t" в "int"; возможна потеря данных
C:\Users\bluev\OneDrive\Документы\super projects\i love cocks\2024\c++\FreeDOM 0.4\FreeDOM 0.4\Lib.cpp(1458,85): warning C4267: =: преобразование из "size_t" в "int"; возможна потеря данных
C:\Users\bluev\OneDrive\Документы\super projects\i love cocks\2024\c++\FreeDOM 0.4\FreeDOM 0.4\Lib.cpp(1461,41): warning C4267: =: преобразование из "size_t" в "int"; возможна потеря данных
C:\Users\bluev\OneDrive\Документы\super projects\i love cocks\2024\c++\FreeDOM 0.4\FreeDOM 0.4\Lib.cpp(1476,73): warning C4267: =: преобразование из "size_t" в "int"; возможна потеря данных
C:\Users\bluev\OneDrive\Документы\super projects\i love cocks\2024\c++\FreeDOM 0.4\FreeDOM 0.4\Lib.cpp(1633,43): warning C4267: =: преобразование из "size_t" в "int"; возможна потеря данных
C:\Users\bluev\OneDrive\Документы\super projects\i love cocks\2024\c++\FreeDOM 0.4\FreeDOM 0.4\Lib.cpp(1737,43): warning C4267: =: преобразование из "size_t" в "int"; возможна потеря данных
  User.cpp
  Создание кода...
  FreeDOM 0.4.vcxproj -> C:\Users\bluev\OneDrive\Документы\super projects\i love cocks\2024\c++\FreeDOM 0.4\x64\Debug\FreeDOM.exe
